1573096254132:d
1573096259380:help
1573096267158:add
1573096299181:add --a 2
1573096314564:add --help
1573096331836:add help
1573096343677:add 1 2
1573096393226:help
1573096401615:history
1573096433102:stacktrace
1573096437791:help 1
1573096442494:stactrace
1573096448966:stacktrace
1573096463305:exit
1573096472937:help
1573096481936:add 1 2
1573096508649:history
1573096511344:clear
1573097394067:exit
1573101128749:help
1573101133203:add
1573101139517:add 1 2
1573101144540:history
1573101187093:add
1573101199341:stacktrace
1573101572676:hstory
1573103091838:help
1573103099249:list-projects
1573165853206:help
1573165859046:list-projects
1573174325979:stacktrace
1573174328951:exit
1573174462804:help
1573174479469:list-projects
1573174617329:help
1573174624080:list-projects
1573174818417:exit
1573174877697:help
1573174898548:table
1573174914905:list-projects
1573174972263:help
1573174980906:list-projects
1573175049310:stacktrace
1573175433009:list-projects
1573175443977:stacktrace
1573175530725:list-projects
1573176063792:stacktrace
1573176101652:list-projects
1573176285929:clear
1573176292153:list-projects
1573176299997:exit
1573176545742:clear
1573176551090:list-projects
1573177198228:exit
1573177760222:list-projects
1573179134299:clear
1573179142367:list-projects
1573179145913:exit
1573179256235:list-projects
1573179267016:exit
1573179337382:list-projects
1573181139764:exit
1573181165609:list-projects
1573182440632:help
1573182453070:get-auth
1573182499320:help
1573182504337:get-auth
1573182514784:set-auth abcd
1573182522784:get-auth
1573182533955:list-projects
1573182595035:stacktrace
1573182607901:ls
1573182616730:help
1573182624968:set-auth abdcs
1573182630253:list-projects
1573182642102:stacktrace
1573182692558:set-auth iMdSlEpYcIgt8k4v6PG_aFU0ub0jXHAkV8KeTCl9xXk
1573182701077:list-projects
1573182741203:set-auth iMdSlEpYcIgt8k4v6PG_aFU0ub0jXHAkV8KeTCl9xXk
1573182745602:list-projects
1573182773451:help
1573182928008:set-
1573182940768:set-project intg-int05
1573182960351:set-auth iMdSlEpYcIgt8k4v6PG_aFU0ub0jXHAkV8KeTCl9xXk
1573182964364:list-projects
1573183546961:help
1573183568417:set-auth iMdSlEpYcIgt8k4v6PG_aFU0ub0jXHAkV8KeTCl9xXk
1573183574023:list-projects
1573183595212:set-auth iMdSlEpYcIgt8k4v6PG_aFU0ub0jXHAkV8KeTCl9xXk
1573183601369:help
1573183652867:clear
1573183656322:help
1573183663843:history
1573183678341:set-auth iMdSlEpYcIgt8k4v6PG_aFU0ub0jXHAkV8KeTCl9xXk
1573183682835:list-projects
1573183685515:clear
1573183689548:list-projects
1573183699996:set-auth
1573183718580:set-project intg
1573183724396:get-project
1573183731573:get-auth
1573183749191:set-auth sdsd
1573183751542:list-projects
1573183763543:set-auth iMdSlEpYcIgt8k4v6PG_aFU0ub0jXHAkV8KeTCl9xXk
1573183769230:list-projects
1573183772992:cleatr
1573183775662:cleat
1573183793698:exit
1573183875527:set-auth iMdSlEpYcIgt8k4v6PG_aFU0ub0jXHAkV8KeTCl9xXk
1573183897703:get-auth
1573183903827:list-projects
1573187999564:exit
1573188063774:help
1573188070382:get-pods
1573188122928:exit
1573188173042:history
1573188185828:set-auth iMdSlEpYcIgt8k4v6PG_aFU0ub0jXHAkV8KeTCl9xXk
1573188192130:list-projects
1573188208826:set-project intg
1573188221014:list-pods
1573189080491:exit
1573209239511:help
1573209257146:set-auth iMdSlEpYcIgt8k4v6PG_aFU0ub0jXHAkV8KeTCl9xXk
1573209269597:list-projects
1573215645656:help
1573215664071:ocp-dump
1573215820576:set-project intg
1573215828301:ocp-dump
1573220149576:list-pods
1573220653659:ocp-dump
1573220674142:set-auth iMdSlEpYcIgt8k4v6PG_aFU0ub0jXHAkV8KeTCl9xXk
1573220682898:list-projects
1573220692585:help
1573220704679:set-project intg-nft
1573220709638:ocp-dump
1573220716869:stacktrace
1573220793800:set-auth iMdSlEpYcIgt8k4v6PG_aFU0ub0jXHAkV8KeTCl9xXk
1573220803861:set-project intg-nft
1573220808865:ocp-dump
1573220824591:stacktrace
1573221240397:set-auth iMdSlEpYcIgt8k4v6PG_aFU0ub0jXHAkV8KeTCl9xXk
1573221248799:set-project intg-nft
1573221254253:list-projects
1573221258962:ocp-dump
1573221448466:set-auth iMdSlEpYcIgt8k4v6PG_aFU0ub0jXHAkV8KeTCl9xXk
1573221451732:set-project intg-nft
1573221457481:list-projects
1573221463994:ocp-dump
1573221561138:set-auth iMdSlEpYcIgt8k4v6PG_aFU0ub0jXHAkV8KeTCl9xXk
1573221562040:set-project intg-nft
1573221566342:ocp-dump
1573221991934:set-auth iMdSlEpYcIgt8k4v6PG_aFU0ub0jXHAkV8KeTCl9xXk
1573221992022:set-project intg-nft
1573221995249:ocp-dump
1573222025728:stacktrace
1573222103942:ocp-dump
1573222148744:set-auth iMdSlEpYcIgt8k4v6PG_aFU0ub0jXHAkV8KeTCl9xXk
1573222148768:set-project intg-nft
1573222149808:ocp-dump
1573222538990:set-auth iMdSlEpYcIgt8k4v6PG_aFU0ub0jXHAkV8KeTCl9xXk
1573222539023:set-project intg-nft
1573222539874:ocp-dump
1573255574756:list-projects
1573255579643:list-pods
1573258841406:set-auth iMdSlEpYcIgt8k4v6PG_aFU0ub0jXHAkV8KeTCl9xXk
1573258841432:set-project intg-nft
1573258843057:ocp-dump
1573259243962:set-auth iMdSlEpYcIgt8k4v6PG_aFU0ub0jXHAkV8KeTCl9xXk
1573259243986:set-project intg-nft
1573259245592:ocp-dump
1573259347141:set-auth iMdSlEpYcIgt8k4v6PG_aFU0ub0jXHAkV8KeTCl9xXk
1573259347172:set-project intg-nft
1573259348274:ocp-dump
1573260965314:set-auth iMdSlEpYcIgt8k4v6PG_aFU0ub0jXHAkV8KeTCl9xXk
1573260965335:set-project intg-nft
1573260966887:ocp-dump
1573261144045:set-auth iMdSlEpYcIgt8k4v6PG_aFU0ub0jXHAkV8KeTCl9xXk
1573261144070:set-project intg-nft
1573261145533:ocp-dump
1573261398908:set-auth iMdSlEpYcIgt8k4v6PG_aFU0ub0jXHAkV8KeTCl9xXk
1573261398932:set-project intg-nft
1573261400455:ocp-dump
1573261458183:set-auth iMdSlEpYcIgt8k4v6PG_aFU0ub0jXHAkV8KeTCl9xXk
1573261458208:set-project intg-nft
1573261458913:ocp-dump
1573265295302:set-auth iMdSlEpYcIgt8k4v6PG_aFU0ub0jXHAkV8KeTCl9xXk
1573265295324:set-project intg-nft
1573265296205:ocp-dump
1573265304902:stacktrce
1573265311460:stacktrace
1573265370157:set-auth QdtwI0HBVPvBI5b_hQPRnPIpFpdTxhzE-UVP9GFhxjI
1573265370164:set-project intg-nft
1573265370168:ocp-dump
1573265440320:set-auth QdtwI0HBVPvBI5b_hQPRnPIpFpdTxhzE-UVP9GFhxjI
1573265440342:set-project intg-nft
1573265440346:ocp-dump
1573268294822:set-auth QdtwI0HBVPvBI5b_hQPRnPIpFpdTxhzE-UVP9GFhxjI
1573268294845:set-project intg-nft
1573268294849:ocp-dump
1573268457725:set-auth QdtwI0HBVPvBI5b_hQPRnPIpFpdTxhzE-UVP9GFhxjI
1573268457747:set-project intg-nft
1573268457754:ocp-dump
1573268746696:set-auth QdtwI0HBVPvBI5b_hQPRnPIpFpdTxhzE-UVP9GFhxjI
1573268746720:set-project intg-nft
1573268746725:ocp-dump
1573268818656:stacktrace
1573269068838:set-auth QdtwI0HBVPvBI5b_hQPRnPIpFpdTxhzE-UVP9GFhxjI
1573269068861:set-project intg-nft
1573269068866:ocp-dump
1573269150766:set-auth QdtwI0HBVPvBI5b_hQPRnPIpFpdTxhzE-UVP9GFhxjI
1573269150789:set-project intg-nft
1573269150802:ocp-dump
1573269332460:set-auth QdtwI0HBVPvBI5b_hQPRnPIpFpdTxhzE-UVP9GFhxjI
1573269332482:set-project intg-nft
1573269332486:ocp-dump
1573269777419:set-auth QdtwI0HBVPvBI5b_hQPRnPIpFpdTxhzE-UVP9GFhxjI
1573269777446:set-project intg-nft
1573269777450:ocp-dump
1573270222725:set-auth QdtwI0HBVPvBI5b_hQPRnPIpFpdTxhzE-UVP9GFhxjI
1573270222748:set-project intg-nft
1573270222754:ocp-dump
1573270355373:set-auth QdtwI0HBVPvBI5b_hQPRnPIpFpdTxhzE-UVP9GFhxjI
1573270355396:set-project intg-nft
1573270355401:ocp-dump
1573270640782:set-auth QdtwI0HBVPvBI5b_hQPRnPIpFpdTxhzE-UVP9GFhxjI
1573270640805:set-project intg-nft
1573270640810:ocp-dump
1573272141541:set-auth QdtwI0HBVPvBI5b_hQPRnPIpFpdTxhzE-UVP9GFhxjI
1573272141588:set-project intg-nft
1573272142403:ocp-dump
1573272218308:set-auth QdtwI0HBVPvBI5b_hQPRnPIpFpdTxhzE-UVP9GFhxjI
1573272218330:set-project intg-nft
1573272219187:ocp-dump
1573272466966:set-auth QdtwI0HBVPvBI5b_hQPRnPIpFpdTxhzE-UVP9GFhxjI
1573272466991:set-project intg-nft
1573272467849:ocp-dump
1573272785096:set-auth QdtwI0HBVPvBI5b_hQPRnPIpFpdTxhzE-UVP9GFhxjI
1573272785122:set-project intg-nft
1573272785988:ocp-dump
1573272942844:set-auth QdtwI0HBVPvBI5b_hQPRnPIpFpdTxhzE-UVP9GFhxjI
1573272942868:set-project intg-nft
1573272944923:ocp-dump
1573273292082:set-auth QdtwI0HBVPvBI5b_hQPRnPIpFpdTxhzE-UVP9GFhxjI
1573273292103:set-project intg-nft
1573273292890:ocp-dump
1573273336522:set-auth QdtwI0HBVPvBI5b_hQPRnPIpFpdTxhzE-UVP9GFhxjI
1573273336545:set-project intg-nft
1573273337351:ocp-dump
1573273560476:set-auth QdtwI0HBVPvBI5b_hQPRnPIpFpdTxhzE-UVP9GFhxjI
1573273560508:set-project intg-nft
1573273561652:ocp-dump
1573274749497:exit
1573351066932:set-auth QdtwI0HBVPvBI5b_hQPRnPIpFpdTxhzE-UVP9GFhxjI
1573351066971:set-project intg-nft
1573351068336:ocp-dump
1573351265145:set-auth QdtwI0HBVPvBI5b_hQPRnPIpFpdTxhzE-UVP9GFhxjI
1573351265171:set-project intg-nft
1573351266547:ocp-dump
1573373832303:set-auth VkQPD1PPIxwLekT3C3E0ZslCpUYp2PzF5QaERhOTZqU
1573373832373:set-project intg
1573373834720:ocp-dump
1573384709887:set-auth VkQPD1PPIxwLekT3C3E0ZslCpUYp2PzF5QaERhOTZqU
1573384709910:set-project intg
1573384711390:ocp-dump
1573388356861:exit
1573388457944:set-auth VkQPD1PPIxwLekT3C3E0ZslCpUYp2PzF5QaERhOTZqU
1573388457970:set-project intg
1573388459504:ocp-dump
1573388588593:exit
1573391346973:help
1573391357467:compare-versions 2 1
1573391362904:stacktrace
1573391437065:help
1573391442420:compare-versions
1573391457926:compare-verssions 2 1
1573391472249:compare-versions 2 1
1573391478574:stacktrace
1573391546687:compare-versions 2 1
1573408590034:help
1573408611344:get-prop-changes
1573408655171:compare-versions 2 1
1573408670645:help
1573408679428:get-prop-changes
1573408962849:help
1573408971937:compare-versions 2 1
1573408986505:get-prop-changes
1573409065110:help
1573409074488:compare-versions 2 1
1573453794544:help
1573453803931:compare-versions 2 1
1573453824937:help
1573453834977:get-prop-changes
1573453988977:compare-versions 2 1
1573453996727:help
1573454003960:get-prop-changes
1573454218545:compare-versions 2 1
1573454452621:help
1573454463077:get-prop-changes
1573454988715:compare-versions 2 1
1573455002236:help
1573455013906:get-prop-changes
1573455370045:list
1573455381315:compate
1573455383811:compare
1573455387094:help
1573455394504:compare-version 2 1
1573455404753:compare-versions 2 1
1573455425799:help
1573455431496:get-prop-changes
1573455522377:compare-versions 2 1
1573455559010:help
1573455566885:get-prop-changes
1573455640449:get-prop-changes >file_prop
1573469682857:help
1573469694106:compare-versions 2 1
1573469702284:stacktrace
1573469909580:compare-versions 2 1
1573469920867:stacktrace
1573470053701:compare-versions 2 1
1573470187130:help
1573470209462:compare-routes
1573470217987:compare-routes 2 1
1573470241789:get-cpu-changes 2 1
1573470354070:compare-versions 2 1
1573470424509:help
1573470439733:get-prop-changes
1573506189031:help
1573506201381:get-prop-changes
1573506227924:compare-version 2 1
1573506235798:compare-versions 2 1
1573506253858:exit
1573528072225:help
1573528080742:compare-versions 2 1
1573528085895:help
1573528096433:generate-report rel
1573528470326:help
1573528484856:compare-versions
1573528495206:compare-versions 2 1
1573528505297:help
1573528521608:generate-report RELEASE
1573529458544:help
1573529467420:compare-versions 2 1
1573529476669:help
1573529483882:generate-report
1573529499807:generate-report release
1573529519841:generate-report releasen
1573529637559:compare-version 2 1
1573529648017:compare-versions 2 1
1573529652482:help
1573529660252:generate-report
1573529669561:generate-report relN
1573529764175:help
1573529780104:compare-versions 2 1
1573529790720:generate-report
1573529805466:generate-report 2345
1573529941030:compare-versions 2 1
1573529951228:generate-report 1234567
1573530265419:compare-versions 2 1
1573530275166:generate-report 456556
1573530735070:compare-versions 2 1
1573530744869:generate-report 12344354
1573530881130:compare-versions 2 1
1573530909567:generate-reports 88777889
1573530914719:help
1573530924001:generate-report 45566767
1573620227243:compare-versions 2 1
1573620230942:help
1573620241348:generate-report release-20-4
1573620373871:compare-versions 2 1
1573620379040:help
1573620386674:generate-report
1573620397196:generate-report test
1573620683852:compare-versions 2 1
1573620690997:generate-report
1573620701768:generate-report RTTTTT
1573622292097:help
1573622301732:compare-versions 2 1
1573622312909:generate-report test2
1573622326974:stacktrace
1573622491968:compare-versions 2 1
1573622505574:generate-report test3
1573622711627:compare-versions 2 1
1573622721376:generate-report test4
1573622810958:compare-versions 2 1
1573622842154:generate-report test5
1573623139635:generate-report release-20-4
1573623501001:help
1573623568295:compare-versions 2 1
1573623599394:generate-report release-20-4-1
1573685782843:compare-versions 2 1
1573685792359:generate-report
1573685805979:generate-report Test6
1573686258718:compare-versions 2 1
1573686273961:generate-report test7
1573686921312:compare-versions 2 1
1573686935840:generate-report test8
1573687056614:help
1573687071685:exit
1573692720758:set-auth JFL2PwqMSTRyXs1crW1c8IBHA6jI1TQPBVj97S0EHNY
1573692727194:list-projects
1573692738378:help
1573692753746:set-project auth
1573692761671:set-project intg
1573692784524:ocp-dump
1573692914237:history
1573692926278:set-auth JFL2PwqMSTRyXs1crW1c8IBHA6jI1TQPBVj97S0EHNY
1573692938923:set-project intg
1573692948730:ocp-dump
1573693367790:help
1573693379959:set-auth kz6lB7GdEMOLbrSvt9liCQBgQzfFiBhUTc0_KvGhFgs
1573693391205:set-project intg
1573693397764:ocp-dump
1573693641934:compare-versions 3 1
1573693666045:generate-report release_20_4
1573693798304:history
1573693806280:set-auth kz6lB7GdEMOLbrSvt9liCQBgQzfFiBhUTc0_KvGhFgs
1573693817037:set-project intg
1573693824468:ocp-dump
1573693965630:compare-versions
1573693975374:compare-versions 4 1
1573693987512:generate-report 4 1
1573694011380:generate-repor release_20_4
1573694028997:generate-report release_20_4
